[35m[Appium][39m Welcome to Appium v1.20.0
[35m[Appium][39m Non-default server args:
[35m[Appium][39m   port: 64111
[35m[Appium][39m   loglevel: info
[35m[Appium][39m   tmpDir: C:\Users\Dandy\AppData\Local\Temp\\Katalon\Appium\Temp1716879966614
[35m[Appium][39m   chromedriverPort: 64112
[35m[Appium][39m Deprecated server args:
[35m[Appium][39m   [31m--chromedriver-port[39m => --default-capabilities
[35m[Appium][39m Default capabilities, which will be added to each request unless overridden by desired capabilities:
[35m[Appium][39m   chromedriverPort: 64112
[35m[Appium][39m Appium REST http interface listener started on 0.0.0.0:64111
[35m[HTTP][39m [37m-->[39m [37mGET[39m [37m/wd/hub/status[39m
[35m[HTTP][39m [90m{}[39m
[35m[HTTP][39m [37m<-- GET /wd/hub/status [39m[32m200[39m [90m4 ms - 68[39m
[35m[HTTP][39m [90m[39m
[35m[HTTP][39m [37m-->[39m [37mGET[39m [37m/wd/hub/status[39m
[35m[HTTP][39m [90m{}[39m
[35m[HTTP][39m [37m<-- GET /wd/hub/status [39m[32m200[39m [90m1 ms - 68[39m
[35m[HTTP][39m [90m[39m
[35m[HTTP][39m [37m-->[39m [37mPOST[39m [37m/wd/hub/session[39m
[35m[HTTP][39m [90m{"desiredCapabilities":{"app":"C:\\Users\\Dandy\\Downloads\\mmShipperRC_1.0.42_0528202401.apk","noReset":true,"deviceName":"Xiaomi 23090RA98G (Android 14)","fullReset":false,"platform":"ANDROID","newCommandTimeout":1800,"platformVersion":"14","automationName":"uiautomator2","autoGrantPermissions":true,"platformName":"Android","udid":"Z5FUZDCMBIUOUKFU","systemPort":64116},"capabilities":{"firstMatch":[{"appium:app":"C:\\Users\\Dandy\\Downloads\\mmShipperRC_1.0.42_0528202401.apk","appium:autoGrantPermissions":true,"appium:automationName":"uiautomator2","appium:deviceName":"Xiaomi 23090RA98G (Android 14)","appium:fullReset":false,"appium:newCommandTimeout":1800,"appium:noReset":true,"platform":"ANDROID","platformName":"android","appium:platformVersion":"14","appium:systemPort":64116,"appium:udid":"Z5FUZDCMBIUOUKFU"}]}}[39m
[35m[BaseDriver][39m The following capabilities are not standard capabilities and should have an extension prefix:
[35m[BaseDriver][39m   platform
[35m[BaseDriver][39m   chromedriverPort
[35m[Appium][39m Appium v1.20.0 creating new AndroidUiautomator2Driver (v1.60.0) session
[35m[BaseDriver][39m The following capabilities were provided, but are not recognized by Appium:
[35m[BaseDriver][39m   platform
[35m[BaseDriver][39m Session created with session id: 93f92266-7f96-45d9-924e-68c32efd29a2
[35m[BaseDriver][39m Using local app 'C:\Users\Dandy\Downloads\mmShipperRC_1.0.42_0528202401.apk'
[35m[ADB][39m Found 1 'build-tools' folders under 'C:\Users\Dandy\.katalon\tools\android_sdk' (newest first):
[35m[ADB][39m     C:/Users/Dandy/.katalon/tools/android_sdk/build-tools/29.0.3
[35m[ADB][39m Using 'adb.exe' from 'C:\Users\Dandy\.katalon\tools\android_sdk\platform-tools\adb.exe'
[35m[AndroidDriver][39m Retrieving device list
[35m[AndroidDriver][39m Using device: Z5FUZDCMBIUOUKFU
[35m[ADB][39m Using 'adb.exe' from 'C:\Users\Dandy\.katalon\tools\android_sdk\platform-tools\adb.exe'
[35m[ADB][39m Getting device platform version
[35m[UiAutomator2][39m Relaxing hidden api policy
[35m[ADB][39m Package name: 'com.azlogistik.muatmuat'
[35m[ADB][39m Main activity name: 'com.azlogistik.muatmuat.MainActivity'
[35m[ADB][39m The application at 'C:\Users\Dandy\AppData\Roaming\npm\node_modules\appium\node_modules\io.appium.settings\apks\settings_apk-debug.apk' will not be cached, because the device under test has confirmed the support of streamed installs
[35m[ADB][39m The installation of 'settings_apk-debug.apk' took 4156ms
[35m[ADB][39m Using 'apksigner.jar' from 'C:\Users\Dandy\.katalon\tools\android_sdk\build-tools\29.0.3\lib\apksigner.jar'
[35m[ADB][39m 'C:\Users\Dandy\AppData\Roaming\npm\node_modules\appium\node_modules\appium-uiautomator2-server\apks\appium-uiautomator2-server-v4.17.2.apk' is signed with the default certificate
[35m[ADB][39m 'C:\Users\Dandy\AppData\Roaming\npm\node_modules\appium\node_modules\appium-uiautomator2-server\apks\appium-uiautomator2-server-debug-androidTest.apk' is signed with the default certificate
[35m[UiAutomator2][39m Server packages are going to be (re)installed
[35m[ADB][39m The application at 'C:\Users\Dandy\AppData\Roaming\npm\node_modules\appium\node_modules\appium-uiautomator2-server\apks\appium-uiautomator2-server-v4.17.2.apk' will not be cached, because the device under test has confirmed the support of streamed installs
[35m[ADB][39m The installation of 'appium-uiautomator2-server-v4.17.2.apk' took 5830ms
[35m[ADB][39m The application at 'C:\Users\Dandy\AppData\Roaming\npm\node_modules\appium\node_modules\appium-uiautomator2-server\apks\appium-uiautomator2-server-debug-androidTest.apk' will not be cached, because the device under test has confirmed the support of streamed installs
[35m[ADB][39m The installation of 'appium-uiautomator2-server-debug-androidTest.apk' took 5578ms
[35m[ADB][39m Adding packages ["io.appium.settings","io.appium.uiautomator2.server","io.appium.uiautomator2.server.test"] to Doze whitelist
[35m[ADB][39m 'C:\Users\Dandy\Downloads\mmShipperRC_1.0.42_0528202401.apk' is signed with a non-default certificate
[35m[ADB][39m The application at 'C:\Users\Dandy\Downloads\mmShipperRC_1.0.42_0528202401.apk' will not be cached, because the device under test has confirmed the support of streamed installs
[35m[ADB][39m The installation of 'mmShipperRC_1.0.42_0528202401.apk' took 6739ms
[35m[UiAutomator2][39m Starting UIAutomator2 server 4.17.2
[35m[UiAutomator2][39m Using UIAutomator2 server from 'C:\Users\Dandy\AppData\Roaming\npm\node_modules\appium\node_modules\appium-uiautomator2-server\apks\appium-uiautomator2-server-v4.17.2.apk' and test from 'C:\Users\Dandy\AppData\Roaming\npm\node_modules\appium\node_modules\appium-uiautomator2-server\apks\appium-uiautomator2-server-debug-androidTest.apk'
[35m[UiAutomator2][39m Waiting up to 30000ms for UiAutomator2 to be online...
[35m[WD Proxy][39m socket hang up
[35m[WD Proxy][39m socket hang up
[35m[WD Proxy][39m socket hang up
[35m[WD Proxy][39m Determined the downstream protocol as 'W3C'
[35m[AndroidDriver][39m Screen already unlocked, doing nothing
[35m[UiAutomator2][39m Starting 'com.azlogistik.muatmuat/com.azlogistik.muatmuat.MainActivity and waiting for 'com.azlogistik.muatmuat/com.azlogistik.muatmuat.MainActivity'
[35m[Appium][39m New AndroidUiautomator2Driver session created successfully, session 93f92266-7f96-45d9-924e-68c32efd29a2 added to master session list
[35m[HTTP][39m [37m<-- POST /wd/hub/session [39m[32m200[39m [90m30900 ms - 1303[39m
[35m[HTTP][39m [90m[39m
[35m[HTTP][39m [37m-->[39m [37mGET[39m [37m/wd/hub/session/93f92266-7f96-45d9-924e-68c32efd29a2[39m
[35m[HTTP][39m [90m{}[39m
[35m[HTTP][39m [37m<-- GET /wd/hub/session/93f92266-7f96-45d9-924e-68c32efd29a2 [39m[32m200[39m [90m11 ms - 1257[39m
[35m[HTTP][39m [90m[39m
[35m[HTTP][39m [37m-->[39m [37mGET[39m [37m/wd/hub/session/93f92266-7f96-45d9-924e-68c32efd29a2[39m
[35m[HTTP][39m [90m{}[39m
[35m[HTTP][39m [37m<-- GET /wd/hub/session/93f92266-7f96-45d9-924e-68c32efd29a2 [39m[32m200[39m [90m7 ms - 1257[39m
[35m[HTTP][39m [90m[39m
[35m[HTTP][39m [37m-->[39m [37mGET[39m [37m/wd/hub/status[39m
[35m[HTTP][39m [90m{}[39m
[35m[HTTP][39m [37m<-- GET /wd/hub/status [39m[32m200[39m [90m1 ms - 68[39m
[35m[HTTP][39m [90m[39m
[35m[HTTP][39m [37m-->[39m [37mPOST[39m [37m/wd/hub/session/93f92266-7f96-45d9-924e-68c32efd29a2/timeouts[39m
[35m[HTTP][39m [90m{"implicit":60000}[39m
[35m[HTTP][39m [37m<-- POST /wd/hub/session/93f92266-7f96-45d9-924e-68c32efd29a2/timeouts [39m[32m200[39m [90m2 ms - 14[39m
[35m[HTTP][39m [90m[39m
[35m[HTTP][39m [37m-->[39m [37mGET[39m [37m/wd/hub/session/93f92266-7f96-45d9-924e-68c32efd29a2/source[39m
[35m[HTTP][39m [90m{}[39m
[35m[W3C (93f92266)][39m Driver proxy active, passing request on via HTTP proxy
[35m[WD Proxy][39m Replacing sessionId 51240af1-4353-4063-86e2-4190a260fcd3 with 93f92266-7f96-45d9-924e-68c32efd29a2
[35m[HTTP][39m [37m<-- GET /wd/hub/session/93f92266-7f96-45d9-924e-68c32efd29a2/source [39m[32m200[39m [90m797 ms - 5697[39m
[35m[HTTP][39m [90m[39m
[35m[HTTP][39m [37m-->[39m [37mGET[39m [37m/wd/hub/session/93f92266-7f96-45d9-924e-68c32efd29a2/screenshot[39m
[35m[HTTP][39m [90m{}[39m
[35m[HTTP][39m [37m<-- GET /wd/hub/session/93f92266-7f96-45d9-924e-68c32efd29a2/screenshot [39m[32m200[39m [90m496 ms - 202866[39m
[35m[HTTP][39m [90m[39m
[35m[HTTP][39m [37m-->[39m [37mDELETE[39m [37m/wd/hub/session/93f92266-7f96-45d9-924e-68c32efd29a2[39m
[35m[HTTP][39m [90m{}[39m
[35m[Appium][39m Removing session 93f92266-7f96-45d9-924e-68c32efd29a2 from our master session list
[35m[UiAutomator2][39m Restoring hidden api policy to the device default configuration
[35m[HTTP][39m [37m<-- DELETE /wd/hub/session/93f92266-7f96-45d9-924e-68c32efd29a2 [39m[32m200[39m [90m306 ms - 14[39m
[35m[HTTP][39m [90m[39m
